TN:
SF:dist\GitLogSearch.js
FN:2,GitLogSearch
FN:17,shellExec
FN:20,getSearchTermRegex
FN:23,getSearchTermRegexFlags
FN:28,getSearchTermRegexFlagsCaseSensitive
FN:31,getSearchTermRegexFlagsCaseInsensitive
FN:34,getSearchTerm
FN:37,getSearchTermCaseSensitive
FN:40,getGitLog
FN:43,getGitLogLines
FNF:10
FNH:1
FNDA:1,GitLogSearch
FNDA:0,shellExec
FNDA:0,getSearchTermRegex
FNDA:0,getSearchTermRegexFlags
FNDA:0,getSearchTermRegexFlagsCaseSensitive
FNDA:0,getSearchTermRegexFlagsCaseInsensitive
FNDA:0,getSearchTerm
FNDA:0,getSearchTermCaseSensitive
FNDA:0,getGitLog
FNDA:0,getGitLogLines
DA:1,1
DA:2,1
DA:3,1
DA:4,1
DA:5,1
DA:6,1
DA:7,1
DA:8,0
DA:9,1
DA:10,1
DA:11,0
DA:12,1
DA:13,1
DA:14,0
DA:15,1
DA:16,1
DA:17,1
DA:18,0
DA:19,0
DA:20,1
DA:21,0
DA:22,0
DA:23,1
DA:24,0
DA:25,0
DA:26,0
DA:27,0
DA:28,1
DA:29,0
DA:30,0
DA:31,1
DA:32,0
DA:33,0
DA:34,1
DA:35,0
DA:36,0
DA:37,1
DA:38,0
DA:39,0
DA:40,1
DA:41,0
DA:42,0
DA:43,1
DA:44,0
DA:45,0
DA:46,1
LF:46
LH:23
BRDA:2,0,0,1
BRDA:8,1,0,0
BRDA:11,2,0,0
BRDA:14,3,0,0
BRF:4
BRH:1
end_of_record
